<?xml version="1.0" encoding="UTF-8"?>
<!-- Generated by org.testng.reporters.JUnitXMLReporter -->
<testsuite ignored="0" hostname="DESKTOP-EMG4JNJ" failures="0" tests="3" name="Test" time="30.668" errors="0" timestamp="2022-07-22T16:09:24 IST">
  <testcase classname="module1_Login_Test.sample1" name="openAmazon" time="13.531"/>
  <testcase classname="module1_Login_Test.KiteTest" name="verifyUserID" time="2.01"/>
  <testcase classname="module1_Login_Test.openflipkart" name="openapp" time="7.665"/>
</testsuite> <!-- Test -->
