<?xml version="1.0" encoding="UTF-8"?>
<testsuite xmlns:xsi="http://www.w3.org/2001/XMLSchema-instance" xsi:noNamespaceSchemaLocation="https://maven.apache.org/surefire/maven-surefire-plugin/xsd/surefire-test-report-3.0.xsd" version="3.0" name="TestSuite" time="27.131" tests="2" errors="0" skipped="0" failures="0">
  <properties>
[...]
</properties>
  <testcase name="openAmazon" classname="module1_Login_Test.sample1" time="15.754">
    <system-err><![CDATA[SLF4J: Failed to load class "org.slf4j.impl.StaticLoggerBinder".
SLF4J: Defaulting to no-operation (NOP) logger implementation
SLF4J: See http://www.slf4j.org/codes.html#StaticLoggerBinder for further details.
ERROR StatusLogger Log4j2 could not find a logging implementation. Please add log4j-core to the classpath. Using SimpleLogger to log to the console...
1658468367148	geckodriver	INFO	Listening on 127.0.0.1:63395
1658468368517	mozrunner::runner	INFO	Running command: "C:\\Program Files\\Mozilla Firefox\\firefox.exe" "--marionette" "--remote-debugging-port" "59207" "--remote-allow-hosts" "localhost" "--remote-allow-origins" "http://localhost:59207/" "-no-remote" "-profile" "C:\\Users\\amol\\AppData\\Local\\Temp\\rust_mozprofile9AGtFg"
1658468369224	Marionette	INFO	Marionette enabled
1658468369234	Marionette	INFO	Listening on port 57582
WebDriver BiDi listening on ws://localhost:59207
Read port: 57582
1658468369530	RemoteAgent	WARN	TLS certificate errors will be ignored for this session
console.warn: SearchSettings: "get: No settings file exists, new profile?" (new NotFoundError("Could not open the file at C:\\Users\\amol\\AppData\\Local\\Temp\\rust_mozprofile9AGtFg\\search.json.mozlz4", (void 0)))
DevTools listening on ws://localhost:59207/devtools/browser/b55a12be-1513-4543-937b-d0fdfb4e8c36
Jul 22, 2022 11:09:32 AM org.openqa.selenium.remote.ProtocolHandshake createSession
INFO: Detected upstream dialect: W3C
JavaScript warning: https://www.amazon.com/ line 1884 > injectedScript, line 1: WEBGL_debug_renderer_info is deprecated in Firefox and will be removed. Please use RENDERER.
1658468379140	CDP	ERROR	Invalid browser preferences for CDP. Set "fission.webContentIsolationStrategy"to 0 and "fission.bfcacheInParent" to false before Firefox starts.
Jul 22, 2022 11:09:39 AM org.openqa.selenium.devtools.CdpVersionFinder findNearestMatch
INFO: Found exact CDP implementation for version 85
1658468379222	Marionette	INFO	Stopped listening on port 57582
]]></system-err>
  </testcase>
  <testcase name="verifyUserID" classname="module1_Login_Test.KiteTest" time="2.87">
    <system-err><![CDATA[Starting ChromeDriver 103.0.5060.53 (a1711811edd74ff1cf2150f36ffa3b0dae40b17f-refs/branch-heads/5060@{#853}) on port 52837
Only local connections are allowed.
Please see https://chromedriver.chromium.org/security-considerations for suggestions on keeping ChromeDriver safe.
ChromeDriver was started successfully.
Jul 22, 2022 11:09:43 AM org.openqa.selenium.remote.ProtocolHandshake createSession
INFO: Detected upstream dialect: W3C
Jul 22, 2022 11:09:43 AM org.openqa.selenium.devtools.CdpVersionFinder findNearestMatch
INFO: Found exact CDP implementation for version 103
]]></system-err>
  </testcase>
</testsuite>