<?xml version="1.0" encoding="UTF-8"?>
<testng-results ignored="0" total="2" passed="2" failed="0" skipped="0">
  <reporter-output>
  </reporter-output>
  <suite started-at="2022-07-22T16:07:51 IST" name="Suite" finished-at="2022-07-22T16:08:12 IST" duration-ms="21155">
    <groups>
    </groups>
    <test started-at="2022-07-22T16:07:51 IST" name="Test" finished-at="2022-07-22T16:08:12 IST" duration-ms="21155">
      <class name="module1_Login_Test.sample1">
        <test-method signature="openAmazon()[pri:0, instance:module1_Login_Test.sample1@1af2d44a]" started-at="2022-07-22T16:07:51 IST" name="openAmazon" finished-at="2022-07-22T16:08:03 IST" duration-ms="12290" status="PASS">
          <reporter-output>
          </reporter-output>
        </test-method> <!-- openAmazon -->
      </class> <!-- module1_Login_Test.sample1 -->
      <class name="module1_Login_Test.KiteTest">
        <test-method is-config="true" signature="OpenBrowser()[pri:0, instance:module1_Login_Test.KiteTest@47d9a273]" started-at="2022-07-22T16:08:03 IST" name="OpenBrowser" finished-at="2022-07-22T16:08:06 IST" duration-ms="2383" status="PASS">
          <reporter-output>
          </reporter-output>
        </test-method> <!-- OpenBrowser -->
        <test-method is-config="true" signature="loginToApp()[pri:0, instance:module1_Login_Test.KiteTest@47d9a273]" started-at="2022-07-22T16:08:06 IST" name="loginToApp" finished-at="2022-07-22T16:08:06 IST" duration-ms="495" status="PASS">
          <reporter-output>
          </reporter-output>
        </test-method> <!-- loginToApp -->
        <test-method signature="verifyUserID()[pri:0, instance:module1_Login_Test.KiteTest@47d9a273]" started-at="2022-07-22T16:08:06 IST" name="verifyUserID" finished-at="2022-07-22T16:08:08 IST" duration-ms="1783" status="PASS">
          <reporter-output>
          </reporter-output>
        </test-method> <!-- verifyUserID -->
        <test-method is-config="true" signature="ScreenShot(org.testng.ITestResult)[pri:0, instance:module1_Login_Test.KiteTest@47d9a273]" started-at="2022-07-22T16:08:08 IST" name="ScreenShot" finished-at="2022-07-22T16:08:08 IST" duration-ms="2" status="PASS">
          <params>
            <param index="0">
              <value>
                <![CDATA[[TestResult name=verifyUserID status=SUCCESS method=KiteTest.verifyUserID()[pri:0, instance:module1_Login_Test.KiteTest@47d9a273] output={null}]]]>
              </value>
            </param>
          </params>
          <reporter-output>
          </reporter-output>
        </test-method> <!-- ScreenShot -->
        <test-method is-config="true" signature="closeBrowser()[pri:0, instance:module1_Login_Test.KiteTest@47d9a273]" started-at="2022-07-22T16:08:08 IST" name="closeBrowser" finished-at="2022-07-22T16:08:12 IST" duration-ms="4148" status="PASS">
          <reporter-output>
          </reporter-output>
        </test-method> <!-- closeBrowser -->
      </class> <!-- module1_Login_Test.KiteTest -->
    </test> <!-- Test -->
  </suite> <!-- Suite -->
</testng-results>
