<?xml version="1.0" encoding="UTF-8"?>
<testng-results ignored="0" total="2" passed="2" failed="0" skipped="0">
  <reporter-output>
  </reporter-output>
  <suite started-at="2022-07-22T11:08:33 IST" name="Suite" finished-at="2022-07-22T11:09:00 IST" duration-ms="26743">
    <groups>
    </groups>
    <test started-at="2022-07-22T11:08:33 IST" name="Test" finished-at="2022-07-22T11:09:00 IST" duration-ms="26743">
      <class name="module1_Login_Test.sample1">
        <test-method signature="openAmazon()[pri:0, instance:module1_Login_Test.sample1@66d3eec0]" started-at="2022-07-22T11:08:33 IST" name="openAmazon" finished-at="2022-07-22T11:08:49 IST" duration-ms="15946" status="PASS">
          <reporter-output>
          </reporter-output>
        </test-method> <!-- openAmazon -->
      </class> <!-- module1_Login_Test.sample1 -->
      <class name="module1_Login_Test.KiteTest">
        <test-method is-config="true" signature="OpenBrowser()[pri:0, instance:module1_Login_Test.KiteTest@54a7079e]" started-at="2022-07-22T11:08:49 IST" name="OpenBrowser" finished-at="2022-07-22T11:08:52 IST" duration-ms="2923" status="PASS">
          <reporter-output>
          </reporter-output>
        </test-method> <!-- OpenBrowser -->
        <test-method is-config="true" signature="loginToApp()[pri:0, instance:module1_Login_Test.KiteTest@54a7079e]" started-at="2022-07-22T11:08:52 IST" name="loginToApp" finished-at="2022-07-22T11:08:53 IST" duration-ms="618" status="PASS">
          <reporter-output>
          </reporter-output>
        </test-method> <!-- loginToApp -->
        <test-method signature="verifyUserID()[pri:0, instance:module1_Login_Test.KiteTest@54a7079e]" started-at="2022-07-22T11:08:53 IST" name="verifyUserID" finished-at="2022-07-22T11:08:56 IST" duration-ms="3018" status="PASS">
          <reporter-output>
          </reporter-output>
        </test-method> <!-- verifyUserID -->
        <test-method is-config="true" signature="ScreenShot(org.testng.ITestResult)[pri:0, instance:module1_Login_Test.KiteTest@54a7079e]" started-at="2022-07-22T11:08:56 IST" name="ScreenShot" finished-at="2022-07-22T11:08:56 IST" duration-ms="2" status="PASS">
          <params>
            <param index="0">
              <value>
                <![CDATA[[TestResult name=verifyUserID status=SUCCESS method=KiteTest.verifyUserID()[pri:0, instance:module1_Login_Test.KiteTest@54a7079e] output={null}]]]>
              </value>
            </param>
          </params>
          <reporter-output>
          </reporter-output>
        </test-method> <!-- ScreenShot -->
        <test-method is-config="true" signature="closeBrowser()[pri:0, instance:module1_Login_Test.KiteTest@54a7079e]" started-at="2022-07-22T11:08:56 IST" name="closeBrowser" finished-at="2022-07-22T11:09:00 IST" duration-ms="4167" status="PASS">
          <reporter-output>
          </reporter-output>
        </test-method> <!-- closeBrowser -->
      </class> <!-- module1_Login_Test.KiteTest -->
    </test> <!-- Test -->
  </suite> <!-- Suite -->
</testng-results>
